2026-04-05 12:36:34 [main] INFO  c.f.f.FintechServiceApplication - Starting FintechServiceApplication using Java 22.0.1 with PID 1788 (C:\Users\reddy\OneDrive\Desktop\copy\fintech-service\target\classes started by reddy in C:\Users\reddy\OneDrive\Desktop\copy\fintech-service)
2026-04-05 12:36:34 [main] DEBUG c.f.f.FintechServiceApplication - Running with Spring Boot v4.0.5, Spring v7.0.6
2026-04-05 12:36:34 [main] INFO  c.f.f.FintechServiceApplication - No active profile set, falling back to 1 default profile: "default"
2026-04-05 12:36:38 [main] WARN  org.hibernate.orm.deprecation - HHH90000025: H2Dialect does not need to be specified explicitly using 'hibernate.dialect' (remove the property setting and it will be selected by default)
2026-04-05 12:36:40 [main] DEBUG org.hibernate.SQL - create table transactions (transaction_id bigint generated by default as identity, amount numeric(38,2) not null, category varchar(255), created_at timestamp(6), date date, deleted boolean not null, notes varchar(255), type enum ('EXPENSE','INCOME'), user_id bigint, primary key (transaction_id))
2026-04-05 12:36:40 [main] DEBUG org.hibernate.SQL - create table users (id bigint generated by default as identity, created_at timestamp(6), mobile varchar(255), password varchar(255), role enum ('ADMIN','ANALYST','USER','VIEWER'), status enum ('ACTIVE','INACTIVE'), user_name varchar(255), primary key (id))
2026-04-05 12:36:40 [main] DEBUG org.hibernate.SQL - alter table if exists users drop constraint if exists UK63cf888pmqtt5tipcne79xsbm
2026-04-05 12:36:40 [main] DEBUG org.hibernate.SQL - alter table if exists users add constraint UK63cf888pmqtt5tipcne79xsbm unique (mobile)
2026-04-05 12:36:40 [main] DEBUG org.hibernate.SQL - alter table if exists transactions add constraint FKqwv7rmvc8va8rep7piikrojds foreign key (user_id) references users
2026-04-05 12:36:40 [main] DEBUG c.f.f.security.filter.JwtAuthFilter - Filter 'jwtAuthFilter' configured for use
2026-04-05 12:36:42 [main] WARN  o.s.b.j.a.JpaBaseConfiguration$JpaWebConfiguration - spring.jpa.open-in-view is enabled by default. Therefore, database queries may be performed during view rendering. Explicitly configure spring.jpa.open-in-view to disable this warning
2026-04-05 12:36:42 [main] INFO  o.s.s.c.a.a.c.InitializeUserDetailsBeanManagerConfigurer$InitializeUserDetailsManagerConfigurer - Global AuthenticationManager configured with UserDetailsService bean with name customUserDetailsService
2026-04-05 12:36:43 [main] INFO  c.f.f.FintechServiceApplication - Started FintechServiceApplication in 10.206 seconds (process running for 10.921)
2026-04-05 12:36:43 [main] DEBUG org.hibernate.SQL - select u1_0.id,u1_0.created_at,u1_0.mobile,u1_0.password,u1_0.role,u1_0.status,u1_0.user_name from users u1_0 where u1_0.user_name=?
2026-04-05 12:36:44 [main] DEBUG org.hibernate.SQL - insert into users (created_at,mobile,password,role,status,user_name,id) values (?,?,?,?,?,?,default)
2026-04-05 12:36:44 [main] DEBUG org.hibernate.SQL - select u1_0.id,u1_0.created_at,u1_0.mobile,u1_0.password,u1_0.role,u1_0.status,u1_0.user_name from users u1_0 where u1_0.user_name=?
2026-04-05 12:36:44 [main] DEBUG org.hibernate.SQL - insert into users (created_at,mobile,password,role,status,user_name,id) values (?,?,?,?,?,?,default)
2026-04-05 12:36:44 [main] DEBUG org.hibernate.SQL - select u1_0.id,u1_0.created_at,u1_0.mobile,u1_0.password,u1_0.role,u1_0.status,u1_0.user_name from users u1_0 where u1_0.user_name=?
2026-04-05 12:36:44 [main] DEBUG org.hibernate.SQL - insert into users (created_at,mobile,password,role,status,user_name,id) values (?,?,?,?,?,?,default)
2026-04-05 12:36:44 [main] DEBUG org.hibernate.SQL - select u1_0.id,u1_0.created_at,u1_0.mobile,u1_0.password,u1_0.role,u1_0.status,u1_0.user_name from users u1_0 where u1_0.user_name=?
2026-04-05 12:36:44 [main] DEBUG org.hibernate.SQL - insert into users (created_at,mobile,password,role,status,user_name,id) values (?,?,?,?,?,?,default)
2026-04-05 12:37:41 [main] INFO  c.f.f.FintechServiceApplication - Starting FintechServiceApplication using Java 22.0.1 with PID 10360 (C:\Users\reddy\OneDrive\Desktop\copy\fintech-service\target\classes started by reddy in C:\Users\reddy\OneDrive\Desktop\copy\fintech-service)
2026-04-05 12:37:41 [main] DEBUG c.f.f.FintechServiceApplication - Running with Spring Boot v4.0.5, Spring v7.0.6
2026-04-05 12:37:41 [main] INFO  c.f.f.FintechServiceApplication - No active profile set, falling back to 1 default profile: "default"
2026-04-05 12:37:45 [main] WARN  org.hibernate.orm.deprecation - HHH90000025: H2Dialect does not need to be specified explicitly using 'hibernate.dialect' (remove the property setting and it will be selected by default)
2026-04-05 12:37:46 [main] DEBUG org.hibernate.SQL - create table transactions (transaction_id bigint generated by default as identity, amount numeric(38,2) not null, category varchar(255), created_at timestamp(6), date date, deleted boolean not null, notes varchar(255), type enum ('EXPENSE','INCOME'), user_id bigint, primary key (transaction_id))
2026-04-05 12:37:46 [main] DEBUG org.hibernate.SQL - create table users (id bigint generated by default as identity, created_at timestamp(6), mobile varchar(255), password varchar(255), role enum ('ADMIN','ANALYST','USER','VIEWER'), status enum ('ACTIVE','INACTIVE'), user_name varchar(255), primary key (id))
2026-04-05 12:37:46 [main] DEBUG org.hibernate.SQL - alter table if exists users drop constraint if exists UK63cf888pmqtt5tipcne79xsbm
2026-04-05 12:37:46 [main] DEBUG org.hibernate.SQL - alter table if exists users add constraint UK63cf888pmqtt5tipcne79xsbm unique (mobile)
2026-04-05 12:37:46 [main] DEBUG org.hibernate.SQL - alter table if exists transactions add constraint FKqwv7rmvc8va8rep7piikrojds foreign key (user_id) references users
2026-04-05 12:37:46 [main] DEBUG c.f.f.security.filter.JwtAuthFilter - Filter 'jwtAuthFilter' configured for use
2026-04-05 12:37:48 [main] WARN  o.s.b.j.a.JpaBaseConfiguration$JpaWebConfiguration - spring.jpa.open-in-view is enabled by default. Therefore, database queries may be performed during view rendering. Explicitly configure spring.jpa.open-in-view to disable this warning
2026-04-05 12:37:48 [main] INFO  o.s.s.c.a.a.c.InitializeUserDetailsBeanManagerConfigurer$InitializeUserDetailsManagerConfigurer - Global AuthenticationManager configured with UserDetailsService bean with name customUserDetailsService
2026-04-05 12:37:49 [main] INFO  c.f.f.FintechServiceApplication - Started FintechServiceApplication in 8.663 seconds (process running for 9.283)
2026-04-05 12:37:49 [main] DEBUG org.hibernate.SQL - select u1_0.id,u1_0.created_at,u1_0.mobile,u1_0.password,u1_0.role,u1_0.status,u1_0.user_name from users u1_0 where u1_0.user_name=?
2026-04-05 12:37:49 [main] DEBUG org.hibernate.SQL - insert into users (created_at,mobile,password,role,status,user_name,id) values (?,?,?,?,?,?,default)
2026-04-05 12:37:49 [main] DEBUG org.hibernate.SQL - select u1_0.id,u1_0.created_at,u1_0.mobile,u1_0.password,u1_0.role,u1_0.status,u1_0.user_name from users u1_0 where u1_0.user_name=?
2026-04-05 12:37:49 [main] DEBUG org.hibernate.SQL - insert into users (created_at,mobile,password,role,status,user_name,id) values (?,?,?,?,?,?,default)
2026-04-05 12:37:49 [main] DEBUG org.hibernate.SQL - select u1_0.id,u1_0.created_at,u1_0.mobile,u1_0.password,u1_0.role,u1_0.status,u1_0.user_name from users u1_0 where u1_0.user_name=?
2026-04-05 12:37:49 [main] DEBUG org.hibernate.SQL - insert into users (created_at,mobile,password,role,status,user_name,id) values (?,?,?,?,?,?,default)
2026-04-05 12:37:49 [main] DEBUG org.hibernate.SQL - select u1_0.id,u1_0.created_at,u1_0.mobile,u1_0.password,u1_0.role,u1_0.status,u1_0.user_name from users u1_0 where u1_0.user_name=?
2026-04-05 12:37:49 [main] DEBUG org.hibernate.SQL - insert into users (created_at,mobile,password,role,status,user_name,id) values (?,?,?,?,?,?,default)
2026-04-05 12:39:40 [http-nio-8080-exec-2] INFO  o.s.web.servlet.DispatcherServlet - Initializing Servlet 'dispatcherServlet'
2026-04-05 12:39:40 [http-nio-8080-exec-2] INFO  o.s.web.servlet.DispatcherServlet - Completed initialization in 0 ms
2026-04-05 12:39:40 [http-nio-8080-exec-2] INFO  c.f.f.controller.AuthController - Login request received for mobile: 9353177331
2026-04-05 12:39:40 [http-nio-8080-exec-2] INFO  c.f.f.service.AuthService - Login attempt for mobile: 9353177331
2026-04-05 12:39:40 [http-nio-8080-exec-2] DEBUG org.hibernate.SQL - select u1_0.id,u1_0.created_at,u1_0.mobile,u1_0.password,u1_0.role,u1_0.status,u1_0.user_name from users u1_0 where u1_0.mobile=?
2026-04-05 12:39:40 [http-nio-8080-exec-2] INFO  c.f.f.service.AuthService - Login successful — token generated for mobile: 9353177331
2026-04-05 12:40:01 [http-nio-8080-exec-3] INFO  c.f.f.controller.AuthController - Register request received for Mobile: 7411678999
2026-04-05 12:40:01 [http-nio-8080-exec-3] INFO  c.f.f.service.AuthService - Registration attempt for mobile: 7411678999
2026-04-05 12:40:01 [http-nio-8080-exec-3] DEBUG c.f.f.service.UserService - Checking if Mobile Number already exists: 7411678999
2026-04-05 12:40:01 [http-nio-8080-exec-3] DEBUG org.hibernate.SQL - select u1_0.id from users u1_0 where u1_0.mobile=? fetch first ? rows only
2026-04-05 12:40:01 [http-nio-8080-exec-3] INFO  c.f.f.service.UserService - New user created - id: null, role: USER
2026-04-05 12:40:01 [http-nio-8080-exec-3] DEBUG org.hibernate.SQL - insert into users (created_at,mobile,password,role,status,user_name,id) values (?,?,?,?,?,?,default)
2026-04-05 12:40:01 [http-nio-8080-exec-3] INFO  c.f.f.service.AuthService - Registration successful for mobile: 7411678999
